Log file open, 11/02/17 14:57:56
LogInit:Display: Running engine for game: AnimationInteligence
LogPlatformFile: Not using cached read wrapper
LogInit:Display: RandInit(992746243) SRandInit(992746243).
LogTaskGraph: Started task graph with 5 named threads and 8 total threads with 1 sets of task threads.
LogStats: Stats thread started at 0.089636
LogInit: Using libcurl 7.47.1
LogInit:  - built for x86_64-pc-win32
LogInit:  - supports SSL with OpenSSL/1.0.2g
LogInit:  - supports HTTP deflate (compression) using libz 1.2.8
LogInit:  - other features:
LogInit:      CURL_VERSION_SSL
LogInit:      CURL_VERSION_LIBZ
LogInit:      CURL_VERSION_IPV6
LogInit:      CURL_VERSION_ASYNCHDNS
LogInit:      CURL_VERSION_LARGEFILE
LogInit:      CURL_VERSION_IDN
LogInit:  CurlRequestOptions (configurable via config and command line):
LogInit:  - bVerifyPeer = false  - Libcurl will NOT verify peer certificate
LogInit:  - bUseHttpProxy = false  - Libcurl will NOT use HTTP proxy
LogInit:  - bDontReuseConnections = false  - Libcurl will reuse connections
LogInit:  - CertBundlePath = nullptr  - Libcurl will use whatever was configured at build time.
LogInit: Build: ++UE4+Release-4.16-CL-3561208
LogInit: Engine Version: 4.16.3-3561208+++UE4+Release-4.16
LogInit: Compatible Engine Version: 4.16.0-3452394+++UE4+Release-4.16
LogInit: Net CL: 3452394
LogDevObjectVersion: Number of dev versions registered: 16
LogDevObjectVersion:   Dev-Blueprints (B0D832E4-1F89-4F0D-ACCF-7EB736FD4AA2): 9
LogDevObjectVersion:   Dev-Build (E1C64328-A22C-4D53-A36C-8E866417BD8C): 0
LogDevObjectVersion:   Dev-Core (375EC13C-06E4-48FB-B500-84F0262A717E): 2
LogDevObjectVersion:   Dev-Editor (E4B068ED-F494-42E9-A231-DA0B2E46BB41): 17
LogDevObjectVersion:   Dev-Framework (CFFC743F-43B0-4480-9391-14DF171D2073): 23
LogDevObjectVersion:   Dev-Mobile (B02B49B5-BB20-44E9-A304-32B752E40360): 0
LogDevObjectVersion:   Dev-Networking (A4E4105C-59A1-49B5-A7C5-40C4547EDFEE): 0
LogDevObjectVersion:   Dev-Online (39C831C9-5AE6-47DC-9A44-9C173E1C8E7C): 0
LogDevObjectVersion:   Dev-Physics (78F01B33-EBEA-4F98-B9B4-84EACCB95AA2): 0
LogDevObjectVersion:   Dev-Platform (6631380F-2D4D-43E0-8009-CF276956A95A): 0
LogDevObjectVersion:   Dev-Rendering (12F88B9F-8875-4AFC-A67C-D90C383ABD29): 15
LogDevObjectVersion:   Dev-Sequencer (7B5AE74C-D270-4C10-A958-57980B212A5A): 4
LogDevObjectVersion:   Dev-VR (D7296918-1DD6-4BDD-9DE2-64A83CC13884): 0
LogDevObjectVersion:   Dev-LoadTimes (C2A15278-BFE7-4AFE-6C17-90FF531DF755): 1
LogDevObjectVersion:   Private-Geometry (6EACA3D4-40EC-4CC1-B786-8BED09428FC5): 1
LogDevObjectVersion:   Dev-AnimPhys (29E575DD-E0A3-4627-9D10-D276232CDCEA): 3
LogInit: Compiled (64-bit): Jul 28 2017 11:49:47
LogInit: Compiled with Visual C++: 19.00.24215.01
LogInit: Build Configuration: Development
LogInit: Branch Name: ++UE4+Release-4.16
LogInit: Command line: -EpicPortal 
LogInit: Base directory: C:/Program Files/Epic Games/UE_4.16/Engine/Binaries/Win64/
LogInit: Installed Engine Build: 1
LogInit: Presizing for max 8388607 objects, including 0 objects not considered by GC, pre-allocating 0 bytes for permanent pool.
LogInit: Object subsystem initialized
[2017.11.02-13.57.57:429][  0]LogInit: Selected Device Profile: [Windows]
[2017.11.02-13.57.57:429][  0]LogInit: Applying CVar settings loaded from the selected device profile: [Windows]
[2017.11.02-13.57.57:440][  0]LogInit: Computer: DESKTOP-49LQQD9
[2017.11.02-13.57.57:440][  0]LogInit: User: alex
[2017.11.02-13.57.57:440][  0]LogInit: CPU Page size=4096, Cores=4
[2017.11.02-13.57.57:440][  0]LogInit: High frequency timer resolution =3.515633 MHz
[2017.11.02-13.57.57:440][  0]LogMemory: Memory total: Physical=15.9GB (16GB approx)
[2017.11.02-13.57.57:440][  0]LogMemory: Platform Memory Stats for Windows
[2017.11.02-13.57.57:440][  0]LogMemory: Process Physical Memory: 274.57 MB used, 274.57 MB peak
[2017.11.02-13.57.57:440][  0]LogMemory: Process Virtual Memory: 260.86 MB used, 260.86 MB peak
[2017.11.02-13.57.57:440][  0]LogMemory: Physical Memory: 3828.21 MB used,  12483.06 MB free, 16311.27 MB total
[2017.11.02-13.57.57:440][  0]LogMemory: Virtual Memory: 624.43 MB used,  12483.06 MB free, 134217728.00 MB total
[2017.11.02-13.57.57:508][  0]LogInit: Using OS detected language (es-ES).
[2017.11.02-13.57.57:508][  0]LogInit: Using OS detected locale (es-ES).
[2017.11.02-13.57.57:511][  0]LogTextLocalizationManager: No specific localization for 'es-ES' exists, so the 'es' localization will be used.
[2017.11.02-13.57.58:302][  0]LogD3D11RHI: D3D11 adapters:
[2017.11.02-13.57.58:344][  0]LogD3D11RHI:    0. 'NVIDIA GeForce GTX 960' (Feature Level 11_0)
[2017.11.02-13.57.58:344][  0]LogD3D11RHI:       2016/0/8155 MB DedicatedVideo/DedicatedSystem/SharedSystem, Outputs:2, VendorId:0x10de
[2017.11.02-13.57.58:346][  0]LogD3D11RHI:    1. 'Microsoft Basic Render Driver' (Feature Level 11_0)
[2017.11.02-13.57.58:346][  0]LogD3D11RHI:       0/0/8155 MB DedicatedVideo/DedicatedSystem/SharedSystem, Outputs:0, VendorId:0x1414
[2017.11.02-13.57.58:346][  0]LogD3D11RHI: Chosen D3D11 Adapter: 0
[2017.11.02-13.57.58:349][  0]LogD3D11RHI: Creating new Direct3DDevice
[2017.11.02-13.57.58:349][  0]LogD3D11RHI:     GPU DeviceId: 0x1401 (for the marketing name, search the web for "GPU Device Id")
[2017.11.02-13.57.58:349][  0]LogWindows: EnumDisplayDevices:
[2017.11.02-13.57.58:349][  0]LogWindows:    0. 'NVIDIA GeForce GTX 960' (P:1 D:1)
[2017.11.02-13.57.58:350][  0]LogWindows:    1. 'NVIDIA GeForce GTX 960' (P:0 D:1)
[2017.11.02-13.57.58:350][  0]LogWindows:    2. 'NVIDIA GeForce GTX 960' (P:0 D:0)
[2017.11.02-13.57.58:350][  0]LogWindows:    3. 'NVIDIA GeForce GTX 960' (P:0 D:0)
[2017.11.02-13.57.58:350][  0]LogWindows: DebugString: FoundDriverCount:4 
[2017.11.02-13.57.58:350][  0]LogD3D11RHI:     Adapter Name: NVIDIA GeForce GTX 960
[2017.11.02-13.57.58:350][  0]LogD3D11RHI:   Driver Version: 382.05 (internal:22.21.13.8205, unified:382.05)
[2017.11.02-13.57.58:350][  0]LogD3D11RHI:      Driver Date: 5-1-2017
[2017.11.02-13.57.58:350][  0]LogRHI: Texture pool is 1361 MB (70% of 1945 MB)
[2017.11.02-13.57.58:378][  0]LogD3D11RHI: Async texture creation enabled
[2017.11.02-13.57.58:388][  0]LogD3D11RHI: GPU Timing Frequency: 1000.000000 (Debug: 2 1)
[2017.11.02-13.57.58:438][  0]LogShaderCompilers: Guid format shader working directory is -40 characters bigger than the processId version (../../../../../../Users/alex-/OneDrive/Documentos/Unreal Projects/AnimationInteligence/Intermediate/Shaders/WorkingDirectory/9372/).
[2017.11.02-13.57.58:438][  0]LogShaderCompilers: Cleaned the shader compiler working directory 'C:/Users/alex-/AppData/Local/Temp/UnrealShaderWorkingDir/A96170174B5D46B171F32486EDAB8A3A/'.
[2017.11.02-13.57.58:438][  0]LogShaderCompilers:Display: Using Local Shader Compiler.
[2017.11.02-13.57.59:429][  0]LogTemp:Display: Loaded TP AllDesktopTargetPlatform
[2017.11.02-13.57.59:483][  0]LogTemp:Display: Loaded TP MacClientTargetPlatform
[2017.11.02-13.57.59:537][  0]LogTemp:Display: Loaded TP MacNoEditorTargetPlatform
[2017.11.02-13.57.59:589][  0]LogTemp:Display: Loaded TP MacServerTargetPlatform
[2017.11.02-13.57.59:645][  0]LogTemp:Display: Loaded TP MacTargetPlatform
[2017.11.02-13.57.59:698][  0]LogTemp:Display: Loaded TP WindowsClientTargetPlatform
[2017.11.02-13.57.59:751][  0]LogTemp:Display: Loaded TP WindowsNoEditorTargetPlatform
[2017.11.02-13.57.59:808][  0]LogTemp:Display: Loaded TP WindowsServerTargetPlatform
[2017.11.02-13.57.59:857][  0]LogTemp:Display: Loaded TP WindowsTargetPlatform
[2017.11.02-13.57.59:909][  0]LogTemp:Display: Loaded TP AndroidTargetPlatform
[2017.11.02-13.57.59:962][  0]LogTemp:Display: Loaded TP Android_ASTCTargetPlatform
[2017.11.02-13.58.00:021][  0]LogTemp:Display: Loaded TP Android_ATCTargetPlatform
[2017.11.02-13.58.00:086][  0]LogTemp:Display: Loaded TP Android_DXTTargetPlatform
[2017.11.02-13.58.00:143][  0]LogTemp:Display: Loaded TP Android_ETC1TargetPlatform
[2017.11.02-13.58.00:196][  0]LogTemp:Display: Loaded TP Android_ETC2TargetPlatform
[2017.11.02-13.58.00:298][  0]LogTemp:Display: Loaded TP Android_MultiTargetPlatform
[2017.11.02-13.58.00:298][  0]LogTemp:Display: Loaded TP Android_PVRTCTargetPlatform
[2017.11.02-13.58.00:340][  0]LogTemp:Display: Loaded TP HTML5TargetPlatform
[2017.11.02-13.58.00:433][  0]LogTemp:Display: Loaded TP IOSTargetPlatform
[2017.11.02-13.58.00:461][  0]LogTemp:Display: Loaded TP TVOSTargetPlatform
[2017.11.02-13.58.00:514][  0]LogTemp:Display: Loaded TP LinuxClientTargetPlatform
[2017.11.02-13.58.00:565][  0]LogTemp:Display: Loaded TP LinuxNoEditorTargetPlatform
[2017.11.02-13.58.00:616][  0]LogTemp:Display: Loaded TP LinuxServerTargetPlatform
[2017.11.02-13.58.00:666][  0]LogTemp:Display: Loaded TP LinuxTargetPlatform
[2017.11.02-13.58.00:666][  0]LogTargetPlatformManager:Display: Building Assets For Windows
[2017.11.02-13.58.01:216][  0]LogDerivedDataCache:Display: Max Cache Size: 512 MB
[2017.11.02-13.58.01:303][  0]LogDerivedDataCache: Loaded boot cache 0.09s 90MB C:/Users/alex-/AppData/Local/UnrealEngine/4.16/DerivedDataCache/Boot.ddc.
[2017.11.02-13.58.01:326][  0]LogDerivedDataCache:Display: Loaded Boot cache: C:/Users/alex-/AppData/Local/UnrealEngine/4.16/DerivedDataCache/Boot.ddc
[2017.11.02-13.58.01:326][  0]LogDerivedDataCache: FDerivedDataBackendGraph:  Pak pak cache file ../../../../../../Users/alex-/OneDrive/Documentos/Unreal Projects/AnimationInteligence/DerivedDataCache/DDC.ddp not found, will not use a pak cache.
[2017.11.02-13.58.01:326][  0]LogDerivedDataCache: Unable to find inner node Pak for hierarchical cache Hierarchy.
[2017.11.02-13.58.01:326][  0]LogDerivedDataCache: FDerivedDataBackendGraph:  CompressedPak pak cache file ../../../../../../Users/alex-/OneDrive/Documentos/Unreal Projects/AnimationInteligence/DerivedDataCache/Compressed.ddp not found, will not use a pak cache.
[2017.11.02-13.58.01:326][  0]LogDerivedDataCache: Unable to find inner node CompressedPak for hierarchical cache Hierarchy.
[2017.11.02-13.58.01:340][  0]LogDerivedDataCache:Display: Pak cache opened for reading ../../../Engine/DerivedDataCache/Compressed.ddp.
[2017.11.02-13.58.01:353][  0]LogDerivedDataCache: Using Local data cache path C:/Users/alex-/AppData/Local/UnrealEngine/Common/DerivedDataCache: Writable
[2017.11.02-13.58.01:362][  0]LogMaterial: Verifying Global Shaders for PCD3D_SM5
[2017.11.02-13.58.01:362][  0]LogSlate: Using Freetype 2.6.0
[2017.11.02-13.58.01:363][  0]LogSlate: SlateFontCache - WITH_FREETYPE: 1, WITH_HARFBUZZ: 1
[2017.11.02-13.58.01:363][  0]LogSlate: SlateFontCache - WITH_FREETYPE: 1, WITH_HARFBUZZ: 1
[2017.11.02-13.58.01:666][  0]LogInit: Selected Device Profile: [Windows]
[2017.11.02-13.58.01:735][  0]LogContentStreaming: Texture pool size is 0.00 MB
[2017.11.02-13.58.01:892][  0]LogMeshUtilities: Using QuadricMeshReduction for automatic static mesh reduction
[2017.11.02-13.58.01:939][  0]LogSimplygon: Simplygon DLL not present - disabling.
[2017.11.02-13.58.01:994][  0]LogMeshUtilities: Using SimplygonSwarm for distributed automatic mesh merging
[2017.11.02-13.58.01:994][  0]LogMeshUtilities: No automatic skeletal mesh reduction module available
[2017.11.02-13.58.01:994][  0]LogMeshUtilities: No automatic mesh merging module available
[2017.11.02-13.58.02:579][  0]LogNetVersion: AnimationInteligence , NetCL: 3452394, EngineNetVer: 2, GameNetVer: 0 (Checksum: 2085902444)
[2017.11.02-13.58.02:639][  0]LogAssetRegistry: FAssetRegistry took 0.0252 seconds to start up
[2017.11.02-13.58.02:723][  0]LogPackageLocalizationCache: Processed 4 localized package path(s) for 2 prioritized culture(s) in 0.054342 seconds
[2017.11.02-13.58.02:728][  0]LogUObjectArray: 34194 objects as part of root set at end of initial load.
[2017.11.02-13.58.02:728][  0]LogUObjectAllocator: 7260416 out of 0 bytes used by permanent object pool.
[2017.11.02-13.58.02:728][  0]LogUObjectArray: CloseDisregardForGC: 0/0 objects in disregard for GC pool
[2017.11.02-13.58.02:793][  0]LogInit: WinSock: version 1.1 (2.2), MaxSocks=32767, MaxUdp=65467
[2017.11.02-13.58.05:407][  0]LogTcpMessaging: Initializing TcpMessaging bridge
[2017.11.02-13.58.05:448][  0]LogUdpMessaging: Initializing bridge on interface 0.0.0.0:0 to multicast group 230.0.0.1:6666.
[2017.11.02-13.58.06:000][  0]LogMaterial: Uniform references updated for custom material expression Custom.
[2017.11.02-13.58.06:423][  0]SourceControl: Información El control de código fuente está desactivado
[2017.11.02-13.58.06:465][  0]SourceControl: Información El control de código fuente está desactivado
[2017.11.02-13.58.06:520][  0]SourceControl: Información El control de código fuente está desactivado
[2017.11.02-13.58.06:573][  0]SourceControl: Información El control de código fuente está desactivado
[2017.11.02-13.58.07:307][  0]LogAndroidPermission: UAndroidPermissionCallbackProxy::GetInstance
[2017.11.02-13.58.07:963][  0]LogEngine: Initializing Engine...
[2017.11.02-13.58.07:964][  0]LogHMD: Failed to initialize OpenVR with code 110
[2017.11.02-13.58.08:136][  0]LogStats: UGameplayTagsManager::ConstructGameplayTagTree: Construct from data asset -  0.000 s
[2017.11.02-13.58.08:136][  0]LogStats: UGameplayTagsManager::ConstructGameplayTagTree: GameplayTagTreeChangedEvent.Broadcast -  0.000 s
[2017.11.02-13.58.08:272][  0]LogAIModule: Creating AISystem for world Untitled
[2017.11.02-13.58.08:284][  0]LogInit: XAudio2 using 'Altavoces (Realtek High Definition Audio)' : 2 channels at 48 kHz using 32 bits per sample (channel mask 0x3)
[2017.11.02-13.58.08:301][  0]LogInit: FAudioDevice initialized.
[2017.11.02-13.58.08:339][  0]LogDerivedDataCache: Saved boot cache 0.04s 90MB C:/Users/alex-/AppData/Local/UnrealEngine/4.16/DerivedDataCache/Boot.ddc.
[2017.11.02-13.58.08:349][  0]LogInit: Texture streaming: Enabled
[2017.11.02-13.58.08:442][  0]LogEngineSessionManager: EngineSessionManager initialized
[2017.11.02-13.58.08:673][  0]LogInit: Transaction tracking system initialized
[2017.11.02-13.58.09:011][  0]BlueprintLog: New page: Cargar el editor
[2017.11.02-13.58.10:041][  0]LocalizationService: Información Localization service is disabled
[2017.11.02-13.58.10:832][  0]LogConsoleResponse:Display: 
[2017.11.02-13.58.10:961][  0]LogCook:Display: Max memory allowance for cook 16384mb min free memory 0mb
[2017.11.02-13.58.10:961][  0]LogCook:Display: Mobile HDR setting 1
[2017.11.02-13.58.12:017][  0]LogFileCache: Scanning file cache for directory 'C:/Users/alex-/OneDrive/Documentos/Unreal Projects/AnimationInteligence/Content/' took 0.02s
[2017.11.02-13.58.12:067][  0]SourceControl: Información El control de código fuente está desactivado
[2017.11.02-13.58.12:067][  0]Cmd: MAP LOAD FILE="../../../../../../Users/alex-/OneDrive/Documentos/Unreal Projects/AnimationInteligence/Content/ThirdPersonBP/Maps/ThirdPersonExampleMap.umap" TEMPLATE=0 SHOWPROGRESS=1 FEATURELEVEL=3
[2017.11.02-13.58.12:067][  0]LightingResults: New page: Diseñar la iluminación
[2017.11.02-13.58.12:113][  0]MapCheck: New page: Revisión del mapa
[2017.11.02-13.58.12:113][  0]LightingResults: New page: Diseñar la iluminación
[2017.11.02-13.58.12:673][  0]LogAIModule: Creating AISystem for world ThirdPersonExampleMap
[2017.11.02-13.58.12:681][  0]LogEditorServer: Finished looking for orphan Actors (0.000 secs)
[2017.11.02-13.58.12:692][  0]Cmd: MAP CHECKDEP NOCLEARLOG
[2017.11.02-13.58.12:769][  0]MapCheck: Información Map check complete: 0 Error(s), 0 Warning(s), took 77,25ms to complete.
[2017.11.02-13.58.12:769][  0]LogFileHelpers: Loading map 'ThirdPersonExampleMap' took 0.702
[2017.11.02-13.58.12:906][  0]LogCollectionManager: Loaded 0 collections in 0.001869 seconds
[2017.11.02-13.58.12:990][  0]LogFileCache: Scanning file cache for directory 'C:/Users/alex-/OneDrive/Documentos/Unreal Projects/AnimationInteligence/Saved/Collections/' took 0.01s
[2017.11.02-13.58.12:990][  0]LogFileCache: Scanning file cache for directory 'C:/Users/alex-/OneDrive/Documentos/Unreal Projects/AnimationInteligence/Content/Developers/alex/Collections/' took 0.01s
[2017.11.02-13.58.12:990][  0]LogFileCache: Scanning file cache for directory 'C:/Users/alex-/OneDrive/Documentos/Unreal Projects/AnimationInteligence/Content/Collections/' took 0.01s
[2017.11.02-13.58.12:990][  0]LogCollectionManager: Rebuilt the GUID cache for 0 collections in 0.000001 seconds
[2017.11.02-13.58.12:997][  0]LogContentBrowser: Native class hierarchy populated in 0.0075 seconds. Added 2329 classes and 491 folders.
[2017.11.02-13.58.13:066][  0]LogContentBrowser: Native class hierarchy updated for 'WidgetCarousel' in 0.0005 seconds. Added 0 classes and 0 folders.
[2017.11.02-13.58.13:185][  0]LogContentBrowser: Native class hierarchy updated for 'AddContentDialog' in 0.0005 seconds. Added 0 classes and 0 folders.
[2017.11.02-13.58.13:248][  0]LogContentBrowser: Native class hierarchy updated for 'SceneOutliner' in 0.0006 seconds. Added 1 classes and 2 folders.
[2017.11.02-13.58.13:293][  0]LogCrashTracker: Crashtracker disabled due to settings.
[2017.11.02-13.58.13:298][  0]LogSlate: Took 0.000251 seconds to synchronously load lazily loaded font '../../../Engine/Content/Slate/Fonts/Roboto-Regular.ttf' (155K)
[2017.11.02-13.58.13:300][  0]LogSlate: Took 0.000323 seconds to synchronously load lazily loaded font '../../../Engine/Content/Slate/Fonts/Roboto-Bold.ttf' (160K)
[2017.11.02-13.58.13:306][  0]LogSlate: Took 0.001086 seconds to synchronously load lazily loaded font '../../../Engine/Content/Editor/Slate/Fonts/FontAwesome.ttf' (139K)
[2017.11.02-13.58.13:403][  0]LogRenderer: Reallocating scene render targets to support 1208x576 NumSamples 1 (Frame:1).
[2017.11.02-13.58.13:594][  0]LogContentBrowser: Native class hierarchy updated for 'HierarchicalLODOutliner' in 0.0005 seconds. Added 1 classes and 2 folders.
[2017.11.02-13.58.13:594][  0]LogLoad: (Engine Initialization) Total time: 18.14 seconds
[2017.11.02-13.58.13:594][  0]LogLoad: (Engine Initialization) Total Blueprint compile time: 0.13 seconds
[2017.11.02-13.58.13:594][  0]LogExternalProfiler: Found external profiler: VSPerf
[2017.11.02-13.58.13:594][  0]LogExternalProfiler: Using external profiler: VSPerf
[2017.11.02-13.58.13:934][  0]LogOcInput: OculusInput pre-init called
[2017.11.02-13.58.13:934][  0]LogHMD: Starting GearVRController plugin
[2017.11.02-13.58.13:948][  0]LogAssetRegistry: Asset discovery search completed in 11.3295 seconds
[2017.11.02-13.58.13:949][  0]LogCollectionManager: Rebuilt the object cache for 0 collections in 0.000001 seconds (found 0 objects)
[2017.11.02-13.58.13:949][  0]LogCollectionManager: Fixed up redirectors for 0 collections in 0.000018 seconds (updated 0 objects)
[2017.11.02-13.58.13:952][  0]LogContentStreaming: Texture pool size now 1000 MB
[2017.11.02-13.58.13:994][  0]LogSlate: Took 0.001370 seconds to synchronously load lazily loaded font '../../../Engine/Content/Slate/Fonts/Roboto-Light.ttf' (159K)
[2017.11.02-13.59.39:843][977]LogSlate: Took 0.000158 seconds to synchronously load lazily loaded font '../../../Engine/Content/Slate/Fonts/Roboto-Light.ttf' (159K)
[2017.11.02-13.59.39:914][977]LogContentBrowser:Verbose: The majority of assets in the view are of type: Skeleton
[2017.11.02-14.00.18:796][977]LogContentBrowser:Verbose: The majority of assets in the view are of type: Skeleton
[2017.11.02-14.00.55:428][  9]LogMetaData: Removing '/Game/MixamoAnimPack/CharacterAnimBP.CharacterAnimBP:AnimGraph.AnimGraphNode_Root_0' ref from Metadata '/Game/MixamoAnimPack/NewAnimBlueprint.PackageMetaData'
[2017.11.02-14.00.55:428][  9]LogMetaData: Removing '/Game/MixamoAnimPack/CharacterAnimBP.SKEL_CharacterAnimBP_C' ref from Metadata '/Game/MixamoAnimPack/NewAnimBlueprint.PackageMetaData'
[2017.11.02-14.00.55:428][  9]LogMetaData: Removing '/Game/MixamoAnimPack/CharacterAnimBP.CharacterAnimBP_C' ref from Metadata '/Game/MixamoAnimPack/NewAnimBlueprint.PackageMetaData'
[2017.11.02-14.00.55:428][  9]LogMetaData: Removing '/Game/MixamoAnimPack/CharacterAnimBP.CharacterAnimBP:EventGraph.K2Node_Event_0' ref from Metadata '/Game/MixamoAnimPack/NewAnimBlueprint.PackageMetaData'
[2017.11.02-14.00.55:480][  9]LogSavePackage: Save=12.38ms
[2017.11.02-14.00.55:480][  9]LogSavePackage: Moving '../../../../../../Users/alex-/OneDrive/Documentos/Unreal Projects/AnimationInteligence/Saved/CharacterAnimBP53B981054E5506F43650238BBAB20866.tmp' to '../../../../../../Users/alex-/OneDrive/Documentos/Unreal Projects/AnimationInteligence/Content/MixamoAnimPack/CharacterAnimBP.uasset'
[2017.11.02-14.00.55:492][  9]LogSavePackage:Display: Finished SavePackage ../../../../../../Users/alex-/OneDrive/Documentos/Unreal Projects/AnimationInteligence/Content/MixamoAnimPack/CharacterAnimBP.uasset
[2017.11.02-14.01.03:779][156]LogSavePackage: Save=103.10ms
[2017.11.02-14.01.03:779][156]LogSavePackage: Moving '../../../../../../Users/alex-/OneDrive/Documentos/Unreal Projects/AnimationInteligence/Saved/ThirdPersonExampleMap8A5E28B6498CF55A36E8A8967EAD6328.tmp' to '../../../../../../Users/alex-/OneDrive/Documentos/Unreal Projects/AnimationInteligence/Content/ThirdPersonBP/Maps/ThirdPersonExampleMap.umap'
[2017.11.02-14.01.03:783][156]LogSavePackage:Display: Finished SavePackage ../../../../../../Users/alex-/OneDrive/Documentos/Unreal Projects/AnimationInteligence/Content/ThirdPersonBP/Maps/ThirdPersonExampleMap.umap
[2017.11.02-14.01.03:981][156]LogSavePackage: Save=149.78ms
[2017.11.02-14.01.03:981][156]LogSavePackage: Moving '../../../../../../Users/alex-/OneDrive/Documentos/Unreal Projects/AnimationInteligence/Saved/ThirdPersonExampleMap_BuiltData3A2F36604574D86C3428E3B4F5ED6645.tmp' to '../../../../../../Users/alex-/OneDrive/Documentos/Unreal Projects/AnimationInteligence/Content/ThirdPersonBP/Maps/ThirdPersonExampleMap_BuiltData.uasset'
[2017.11.02-14.01.03:983][156]LogSavePackage:Display: Finished SavePackage ../../../../../../Users/alex-/OneDrive/Documentos/Unreal Projects/AnimationInteligence/Content/ThirdPersonBP/Maps/ThirdPersonExampleMap_BuiltData.uasset
[2017.11.02-14.01.10:110][231]LogContentBrowser: Native class hierarchy updated for 'SkeletonEditor' in 0.0005 seconds. Added 1 classes and 2 folders.
[2017.11.02-14.01.10:262][231]LogActorComponent: RegisterComponentWithWorld: (/Engine/Transient.World_3:PersistentLevel.Actor_0.DebugSkelMeshComponent_0) Already registered. Aborting.
[2017.11.02-14.01.10:499][231]LogSlate: Took 0.000187 seconds to synchronously load lazily loaded font '../../../Engine/Content/Slate/Fonts/Roboto-Regular.ttf' (155K)
[2017.11.02-14.01.10:612][231]LogContentBrowser: Native class hierarchy updated for 'BlueprintGraph' in 0.0009 seconds. Added 112 classes and 0 folders.
[2017.11.02-14.01.11:363][231]LogSlate: Took 0.001184 seconds to synchronously load lazily loaded font '../../../Engine/Content/Editor/Slate/Fonts/Roboto-BoldCondensed.ttf' (158K)
[2017.11.02-14.01.11:430][231]LogContentBrowser: Native class hierarchy updated for 'ClothingSystemEditorInterface' in 0.0009 seconds. Added 1 classes and 0 folders.
[2017.11.02-14.01.45:969][717]LogAnimationCompression: Building Anim DDC data for AnimSequence /Game/MixamoAnimPack/Mixamo_Adam/Anims/Mixamo_Adam_idle.Mixamo_Adam_idle
[2017.11.02-14.01.46:247][717]LogActorComponent: RegisterComponentWithWorld: (/Engine/Transient.World_6:PersistentLevel.Actor_1.DebugSkelMeshComponent_2) Already registered. Aborting.
[2017.11.02-14.01.46:575][717]LogContentBrowser:Verbose: The majority of assets in the view are of type: AnimSequence
[2017.11.02-14.01.56:045][ 46]LogTemp: Repeting last play command: Selected Viewport
[2017.11.02-14.01.56:195][ 46]LogBlueprintUserMessages: Early PlayInEditor Detection: Level '/Game/ThirdPersonBP/Maps/ThirdPersonExampleMap.ThirdPersonExampleMap:PersistentLevel' has LevelScriptBlueprint '/Game/ThirdPersonBP/Maps/ThirdPersonExampleMap.ThirdPersonExampleMap:PersistentLevel.ThirdPersonExampleMap' with GeneratedClass '/Game/ThirdPersonBP/Maps/ThirdPersonExampleMap.ThirdPersonExampleMap_C' with ClassGeneratedBy '/Game/ThirdPersonBP/Maps/ThirdPersonExampleMap.ThirdPersonExampleMap:PersistentLevel.ThirdPersonExampleMap'
[2017.11.02-14.01.56:195][ 46]LogPlayLevel: PlayLevel: No blueprints needed recompiling
[2017.11.02-14.01.56:196][ 46]PIE: New page: Sesión PIE (reproducción en el editor): ThirdPersonExampleMap (2/11/2017 16:01:56)
[2017.11.02-14.01.56:196][ 46]LogPlayLevel: Creating play world package: /Game/ThirdPersonBP/Maps/UEDPIE_0_ThirdPersonExampleMap
[2017.11.02-14.01.56:213][ 46]LogPlayLevel: PIE: StaticDuplicateObject took: (0.017215s)
[2017.11.02-14.01.56:214][ 46]LogAIModule: Creating AISystem for world ThirdPersonExampleMap
[2017.11.02-14.01.56:214][ 46]LogPlayLevel: PIE: World Init took: (0.000760s)
[2017.11.02-14.01.56:214][ 46]LogPlayLevel: PIE: Created PIE world by copying editor world from /Game/ThirdPersonBP/Maps/ThirdPersonExampleMap.ThirdPersonExampleMap to /Game/ThirdPersonBP/Maps/UEDPIE_0_ThirdPersonExampleMap.ThirdPersonExampleMap (0.018256s)
[2017.11.02-14.01.56:242][ 46]LogInit: XAudio2 using 'Altavoces (Realtek High Definition Audio)' : 2 channels at 48 kHz using 32 bits per sample (channel mask 0x3)
[2017.11.02-14.01.56:253][ 46]LogInit: FAudioDevice initialized.
[2017.11.02-14.01.56:298][ 46]LogLoad: Game class is 'ThirdPersonGameMode_C'
[2017.11.02-14.01.56:301][ 46]LogWorld: Bringing World /Game/ThirdPersonBP/Maps/UEDPIE_0_ThirdPersonExampleMap.ThirdPersonExampleMap up for play (max tick rate 0) at 2017.11.02-15.01.56
[2017.11.02-14.01.56:301][ 46]LogWorld: Bringing up level for play took: 0.001209
[2017.11.02-14.01.56:346][ 46]LogContentBrowser: Native class hierarchy updated for 'MovieSceneCapture' in 0.0006 seconds. Added 11 classes and 0 folders.
[2017.11.02-14.01.56:347][ 46]PIE: Información Tiempo de inicio de la reproducción en el editor para  /Game/ThirdPersonBP/Maps/UEDPIE_0_ThirdPersonExampleMap -0,771
[2017.11.02-14.01.56:347][ 46]LogBlueprintUserMessages: Late PlayInEditor Detection: Level '/Game/ThirdPersonBP/Maps/ThirdPersonExampleMap.ThirdPersonExampleMap:PersistentLevel' has LevelScriptBlueprint '/Game/ThirdPersonBP/Maps/ThirdPersonExampleMap.ThirdPersonExampleMap:PersistentLevel.ThirdPersonExampleMap' with GeneratedClass '/Game/ThirdPersonBP/Maps/ThirdPersonExampleMap.ThirdPersonExampleMap_C' with ClassGeneratedBy '/Game/ThirdPersonBP/Maps/ThirdPersonExampleMap.ThirdPersonExampleMap:PersistentLevel.ThirdPersonExampleMap'
[2017.11.02-14.01.58:062][225]LogBlueprintUserMessages: Early EndPlayMap Detection: Level '/Game/ThirdPersonBP/Maps/ThirdPersonExampleMap.ThirdPersonExampleMap:PersistentLevel' has LevelScriptBlueprint '/Game/ThirdPersonBP/Maps/ThirdPersonExampleMap.ThirdPersonExampleMap:PersistentLevel.ThirdPersonExampleMap' with GeneratedClass '/Game/ThirdPersonBP/Maps/ThirdPersonExampleMap.ThirdPersonExampleMap_C' with ClassGeneratedBy '/Game/ThirdPersonBP/Maps/ThirdPersonExampleMap.ThirdPersonExampleMap:PersistentLevel.ThirdPersonExampleMap'
[2017.11.02-14.01.58:092][225]LogBlueprintUserMessages: Late EndPlayMap Detection: Level '/Game/ThirdPersonBP/Maps/ThirdPersonExampleMap.ThirdPersonExampleMap:PersistentLevel' has LevelScriptBlueprint '/Game/ThirdPersonBP/Maps/ThirdPersonExampleMap.ThirdPersonExampleMap:PersistentLevel.ThirdPersonExampleMap' with GeneratedClass '/Game/ThirdPersonBP/Maps/ThirdPersonExampleMap.ThirdPersonExampleMap_C' with ClassGeneratedBy '/Game/ThirdPersonBP/Maps/ThirdPersonExampleMap.ThirdPersonExampleMap:PersistentLevel.ThirdPersonExampleMap'
[2017.11.02-14.02.09:547][881]LogEditorViewport: Clicking on Actor (LMB): ThirdPersonCharacter_C (ThirdPersonCharacter)
[2017.11.02-14.02.11:342][ 77]LogSlate: Took 0.006496 seconds to synchronously load lazily loaded font '../../../Engine/Content/Editor/Slate/Fonts/Roboto-Italic.ttf' (157K)
[2017.11.02-14.07.18:532][181]LogSavePackage: Save=15.77ms
[2017.11.02-14.07.18:532][181]LogSavePackage: Moving '../../../../../../Users/alex-/OneDrive/Documentos/Unreal Projects/AnimationInteligence/Saved/CharacterAnimBP2E08741C4D392B1FFD302A8E65924444.tmp' to '../../../../../../Users/alex-/OneDrive/Documentos/Unreal Projects/AnimationInteligence/Content/MixamoAnimPack/CharacterAnimBP.uasset'
[2017.11.02-14.07.18:538][181]LogSavePackage:Display: Finished SavePackage ../../../../../../Users/alex-/OneDrive/Documentos/Unreal Projects/AnimationInteligence/Content/MixamoAnimPack/CharacterAnimBP.uasset
[2017.11.02-14.07.19:540][262]BlueprintLog: New page: Compilar CharacterAnimBP
[2017.11.02-14.07.19:542][262]LogBlueprint:Warning: [Compiler CharacterAnimBP] Aviso El nodo de entrada  New State Machine  no está conectado al estado
[2017.11.02-14.07.19:542][262]LogBlueprint:Warning: [Compiler CharacterAnimBP] Aviso No había conexión del estado de entrada en  New State Machine
[2017.11.02-14.07.19:628][262]BlueprintEditorCompileResults:Warning: Aviso El nodo de entrada  New State Machine  no está conectado al estado
[2017.11.02-14.07.19:628][262]BlueprintEditorCompileResults:Warning: Aviso No había conexión del estado de entrada en  New State Machine
[2017.11.02-14.07.19:629][262]LogBlueprint:Warning: [Compiler CharacterAnimBP] Aviso [0564,18] Compile of CharacterAnimBP successful, but with 2 Warning(s) [in 88 ms] (/Game/MixamoAnimPack/CharacterAnimBP.CharacterAnimBP)
[2017.11.02-14.07.21:068][373]LogSavePackage: Save=15.74ms
[2017.11.02-14.07.21:068][373]LogSavePackage: Moving '../../../../../../Users/alex-/OneDrive/Documentos/Unreal Projects/AnimationInteligence/Saved/CharacterAnimBPFA7D29754909A756F41B2BA42CE89474.tmp' to '../../../../../../Users/alex-/OneDrive/Documentos/Unreal Projects/AnimationInteligence/Content/MixamoAnimPack/CharacterAnimBP.uasset'
[2017.11.02-14.07.21:071][373]LogSavePackage:Display: Finished SavePackage ../../../../../../Users/alex-/OneDrive/Documentos/Unreal Projects/AnimationInteligence/Content/MixamoAnimPack/CharacterAnimBP.uasset
[2017.11.02-14.08.08:287][ 90]BlueprintLog: New page: Compilar CharacterAnimBP
[2017.11.02-14.08.08:289][ 90]LogBlueprint:Warning: [Compiler CharacterAnimBP] Aviso El nodo de entrada  StatAnimation  no está conectado al estado
[2017.11.02-14.08.08:289][ 90]LogBlueprint:Warning: [Compiler CharacterAnimBP] Aviso No había conexión del estado de entrada en  StatAnimation
[2017.11.02-14.08.08:372][ 90]BlueprintEditorCompileResults:Warning: Aviso El nodo de entrada  StatAnimation  no está conectado al estado
[2017.11.02-14.08.08:372][ 90]BlueprintEditorCompileResults:Warning: Aviso No había conexión del estado de entrada en  StatAnimation
[2017.11.02-14.08.08:372][ 90]LogBlueprint:Warning: [Compiler CharacterAnimBP] Aviso [0612,92] Compile of CharacterAnimBP successful, but with 2 Warning(s) [in 85 ms] (/Game/MixamoAnimPack/CharacterAnimBP.CharacterAnimBP)
[2017.11.02-14.08.09:372][166]LogSavePackage: Save=14.95ms
[2017.11.02-14.08.09:372][166]LogSavePackage: Moving '../../../../../../Users/alex-/OneDrive/Documentos/Unreal Projects/AnimationInteligence/Saved/CharacterAnimBP262AD95B40D26B95AB168E89CACF8739.tmp' to '../../../../../../Users/alex-/OneDrive/Documentos/Unreal Projects/AnimationInteligence/Content/MixamoAnimPack/CharacterAnimBP.uasset'
[2017.11.02-14.08.09:378][166]LogSavePackage:Display: Finished SavePackage ../../../../../../Users/alex-/OneDrive/Documentos/Unreal Projects/AnimationInteligence/Content/MixamoAnimPack/CharacterAnimBP.uasset
[2017.11.02-14.08.29:389][846]LogContentBrowser:Verbose: The majority of assets in the view are of type: AnimSequence
[2017.11.02-14.09.38:586][407]LogAnimationCompression: Building Anim DDC data for AnimSequence /Game/MixamoAnimPack/Mixamo_Adam/Anims/Mixamo_Adam_jump.Mixamo_Adam_jump
[2017.11.02-14.09.46:295][963]BlueprintLog: New page: Compilar CharacterAnimBP
[2017.11.02-14.09.49:701][204]LogSavePackage: Save=21.98ms
[2017.11.02-14.09.49:701][204]LogSavePackage: Moving '../../../../../../Users/alex-/OneDrive/Documentos/Unreal Projects/AnimationInteligence/Saved/CharacterAnimBP3F4831E340D5552F79168E8314723F29.tmp' to '../../../../../../Users/alex-/OneDrive/Documentos/Unreal Projects/AnimationInteligence/Content/MixamoAnimPack/CharacterAnimBP.uasset'
[2017.11.02-14.09.49:708][204]LogSavePackage:Display: Finished SavePackage ../../../../../../Users/alex-/OneDrive/Documentos/Unreal Projects/AnimationInteligence/Content/MixamoAnimPack/CharacterAnimBP.uasset
[2017.11.02-14.09.53:396][377]LogTemp: Repeting last play command: Selected Viewport
[2017.11.02-14.09.53:406][377]LogBlueprintUserMessages: Early PlayInEditor Detection: Level '/Game/ThirdPersonBP/Maps/ThirdPersonExampleMap.ThirdPersonExampleMap:PersistentLevel' has LevelScriptBlueprint '/Game/ThirdPersonBP/Maps/ThirdPersonExampleMap.ThirdPersonExampleMap:PersistentLevel.ThirdPersonExampleMap' with GeneratedClass '/Game/ThirdPersonBP/Maps/ThirdPersonExampleMap.ThirdPersonExampleMap_C' with ClassGeneratedBy '/Game/ThirdPersonBP/Maps/ThirdPersonExampleMap.ThirdPersonExampleMap:PersistentLevel.ThirdPersonExampleMap'
[2017.11.02-14.09.53:406][377]LogPlayLevel: PlayLevel: No blueprints needed recompiling
[2017.11.02-14.09.53:406][377]PIE: New page: Sesión PIE (reproducción en el editor): ThirdPersonExampleMap (2/11/2017 16:09:53)
[2017.11.02-14.09.53:407][377]LogPlayLevel: Creating play world package: /Game/ThirdPersonBP/Maps/UEDPIE_0_ThirdPersonExampleMap
[2017.11.02-14.09.53:424][377]LogPlayLevel: PIE: StaticDuplicateObject took: (0.017700s)
[2017.11.02-14.09.53:425][377]LogAIModule: Creating AISystem for world ThirdPersonExampleMap
[2017.11.02-14.09.53:425][377]LogPlayLevel: PIE: World Init took: (0.000978s)
[2017.11.02-14.09.53:425][377]LogPlayLevel: PIE: Created PIE world by copying editor world from /Game/ThirdPersonBP/Maps/ThirdPersonExampleMap.ThirdPersonExampleMap to /Game/ThirdPersonBP/Maps/UEDPIE_0_ThirdPersonExampleMap.ThirdPersonExampleMap (0.018937s)
[2017.11.02-14.09.53:482][377]LogInit: XAudio2 using 'Altavoces (Realtek High Definition Audio)' : 2 channels at 48 kHz using 32 bits per sample (channel mask 0x3)
[2017.11.02-14.09.53:492][377]LogInit: FAudioDevice initialized.
[2017.11.02-14.09.53:520][377]LogLoad: Game class is 'ThirdPersonGameMode_C'
[2017.11.02-14.09.53:523][377]LogWorld: Bringing World /Game/ThirdPersonBP/Maps/UEDPIE_0_ThirdPersonExampleMap.ThirdPersonExampleMap up for play (max tick rate 0) at 2017.11.02-15.09.53
[2017.11.02-14.09.53:523][377]LogWorld: Bringing up level for play took: 0.001877
[2017.11.02-14.09.53:524][377]PIE: Información Tiempo de inicio de la reproducción en el editor para  /Game/ThirdPersonBP/Maps/UEDPIE_0_ThirdPersonExampleMap 0,406
[2017.11.02-14.09.53:524][377]LogBlueprintUserMessages: Late PlayInEditor Detection: Level '/Game/ThirdPersonBP/Maps/ThirdPersonExampleMap.ThirdPersonExampleMap:PersistentLevel' has LevelScriptBlueprint '/Game/ThirdPersonBP/Maps/ThirdPersonExampleMap.ThirdPersonExampleMap:PersistentLevel.ThirdPersonExampleMap' with GeneratedClass '/Game/ThirdPersonBP/Maps/ThirdPersonExampleMap.ThirdPersonExampleMap_C' with ClassGeneratedBy '/Game/ThirdPersonBP/Maps/ThirdPersonExampleMap.ThirdPersonExampleMap:PersistentLevel.ThirdPersonExampleMap'
[2017.11.02-14.09.56:693][754]LogBlueprintUserMessages: Early EndPlayMap Detection: Level '/Game/ThirdPersonBP/Maps/ThirdPersonExampleMap.ThirdPersonExampleMap:PersistentLevel' has LevelScriptBlueprint '/Game/ThirdPersonBP/Maps/ThirdPersonExampleMap.ThirdPersonExampleMap:PersistentLevel.ThirdPersonExampleMap' with GeneratedClass '/Game/ThirdPersonBP/Maps/ThirdPersonExampleMap.ThirdPersonExampleMap_C' with ClassGeneratedBy '/Game/ThirdPersonBP/Maps/ThirdPersonExampleMap.ThirdPersonExampleMap:PersistentLevel.ThirdPersonExampleMap'
[2017.11.02-14.09.56:752][754]LogBlueprintUserMessages: Late EndPlayMap Detection: Level '/Game/ThirdPersonBP/Maps/ThirdPersonExampleMap.ThirdPersonExampleMap:PersistentLevel' has LevelScriptBlueprint '/Game/ThirdPersonBP/Maps/ThirdPersonExampleMap.ThirdPersonExampleMap:PersistentLevel.ThirdPersonExampleMap' with GeneratedClass '/Game/ThirdPersonBP/Maps/ThirdPersonExampleMap.ThirdPersonExampleMap_C' with ClassGeneratedBy '/Game/ThirdPersonBP/Maps/ThirdPersonExampleMap.ThirdPersonExampleMap:PersistentLevel.ThirdPersonExampleMap'
[2017.11.02-14.12.02:753][629]LogSlate: Took 0.000260 seconds to synchronously load lazily loaded font '../../../Engine/Content/Slate/Fonts/Roboto-Light.ttf' (159K)
[2017.11.02-14.12.11:788][314]LogFileHelpers: Editor autosave (incl. sublevels) for '/Game/ThirdPersonBP/Maps/ThirdPersonExampleMap' took 0.016
[2017.11.02-14.12.11:791][314]OBJ SavePackage: Generating thumbnails for [1] asset(s) in package [/Game/MixamoAnimPack/CharacterAnimBP] ([1] browsable assets)...
[2017.11.02-14.12.11:804][314]OBJ SavePackage:     Rendered thumbnail for [AnimBlueprint /Game/MixamoAnimPack/CharacterAnimBP.CharacterAnimBP]
[2017.11.02-14.12.11:804][314]OBJ SavePackage: Finished generating thumbnails for package [/Game/MixamoAnimPack/CharacterAnimBP]
[2017.11.02-14.12.11:840][314]LogSavePackage: Save=30.42ms
[2017.11.02-14.12.11:840][314]LogSavePackage: Moving '../../../../../../Users/alex-/OneDrive/Documentos/Unreal Projects/AnimationInteligence/Saved/CharacterAnimBP_Auto1E0A5E9774EEEFCBA457C418039B79256.tmp' to '../../../../../../Users/alex-/OneDrive/Documentos/Unreal Projects/AnimationInteligence/Saved/Autosaves/Game/MixamoAnimPack/CharacterAnimBP_Auto1.uasset'
[2017.11.02-14.12.11:843][314]LogSavePackage:Display: Finished SavePackage ../../../../../../Users/alex-/OneDrive/Documentos/Unreal Projects/AnimationInteligence/Saved/Autosaves/Game/MixamoAnimPack/CharacterAnimBP_Auto1.uasset
[2017.11.02-14.12.11:843][314]LogFileHelpers: Auto-saving content packages took 0.054
[2017.11.02-14.12.21:764][990]LogAnimationCompression: Building Anim DDC data for AnimSequence /Game/MixamoAnimPack/Mixamo_Adam/Anims/Mixamo_Adam_run.Mixamo_adam_run
[2017.11.02-14.12.22:083][ 14]LogAnimationCompression: Building Anim DDC data for AnimSequence /Game/MixamoAnimPack/Mixamo_Adam/Anims/Mixamo_Adam_Running_Jump.Mixamo_Adam_Running_Jump
[2017.11.02-14.12.22:728][ 65]LogAnimationCompression: Building Anim DDC data for AnimSequence /Game/MixamoAnimPack/Mixamo_Adam/Anims/Mixamo_Adam_Shooting.Mixamo_Adam_Shooting
[2017.11.02-14.12.22:771][ 65]LogAnimationCompression: Building Anim DDC data for AnimSequence /Game/MixamoAnimPack/Mixamo_Adam/Anims/Mixamo_Adam_walk.Mixamo_Adam_walk
[2017.11.02-14.12.36:967][255]BlueprintLog: New page: Compilar CharacterAnimBP
[2017.11.02-14.12.36:972][255]LogBlueprint:Warning: [Compiler CharacterAnimBP] Aviso  Idle a Walk  will never be taken, please connect something to  Can Enter Transition
[2017.11.02-14.12.37:054][255]BlueprintEditorCompileResults:Warning: Aviso  Idle a Walk  will never be taken, please connect something to  Can Enter Transition
[2017.11.02-14.12.37:055][255]LogBlueprint:Warning: [Compiler CharacterAnimBP] Aviso [0881,60] Compile of CharacterAnimBP successful, but with 1 Warning(s) [in 87 ms] (/Game/MixamoAnimPack/CharacterAnimBP.CharacterAnimBP)
[2017.11.02-14.14.25:610][612]BlueprintLog: New page: Compilar CharacterAnimBP
[2017.11.02-14.16.05:394][691]BlueprintLog: New page: Compilar CharacterAnimBP
[2017.11.02-14.16.06:171][735]LogSavePackage: Save=44.59ms
[2017.11.02-14.16.06:171][735]LogSavePackage: Moving '../../../../../../Users/alex-/OneDrive/Documentos/Unreal Projects/AnimationInteligence/Saved/CharacterAnimBP3187455641E63263B7DB22983747D00F.tmp' to '../../../../../../Users/alex-/OneDrive/Documentos/Unreal Projects/AnimationInteligence/Content/MixamoAnimPack/CharacterAnimBP.uasset'
[2017.11.02-14.16.06:177][735]LogSavePackage:Display: Finished SavePackage ../../../../../../Users/alex-/OneDrive/Documentos/Unreal Projects/AnimationInteligence/Content/MixamoAnimPack/CharacterAnimBP.uasset
[2017.11.02-14.18.34:867][631]LogSavePackage: Save=47.23ms
[2017.11.02-14.18.34:867][631]LogSavePackage: Moving '../../../../../../Users/alex-/OneDrive/Documentos/Unreal Projects/AnimationInteligence/Saved/CharacterAnimBP7D1774EA47F1861904E0BA8927DC05B5.tmp' to '../../../../../../Users/alex-/OneDrive/Documentos/Unreal Projects/AnimationInteligence/Content/MixamoAnimPack/CharacterAnimBP.uasset'
[2017.11.02-14.18.34:879][631]LogSavePackage:Display: Finished SavePackage ../../../../../../Users/alex-/OneDrive/Documentos/Unreal Projects/AnimationInteligence/Content/MixamoAnimPack/CharacterAnimBP.uasset
[2017.11.02-14.18.36:024][730]BlueprintLog: New page: Compilar CharacterAnimBP
[2017.11.02-14.18.36:033][730]LogBlueprint:Warning: [Compiler CharacterAnimBP] Aviso  Walk a Idle  will never be taken, please connect something to  Can Enter Transition
[2017.11.02-14.18.36:033][730]LogBlueprint:Warning: [Compiler CharacterAnimBP] Aviso  Run a Walk  will never be taken, please connect something to  Can Enter Transition
[2017.11.02-14.18.36:119][730]BlueprintEditorCompileResults:Warning: Aviso  Walk a Idle  will never be taken, please connect something to  Can Enter Transition
[2017.11.02-14.18.36:119][730]BlueprintEditorCompileResults:Warning: Aviso  Run a Walk  will never be taken, please connect something to  Can Enter Transition
[2017.11.02-14.18.36:120][730]LogBlueprint:Warning: [Compiler CharacterAnimBP] Aviso [1240,67] Compile of CharacterAnimBP successful, but with 2 Warning(s) [in 95 ms] (/Game/MixamoAnimPack/CharacterAnimBP.CharacterAnimBP)
[2017.11.02-14.19.08:001][373]LogSavePackage: Save=46.97ms
[2017.11.02-14.19.08:001][373]LogSavePackage: Moving '../../../../../../Users/alex-/OneDrive/Documentos/Unreal Projects/AnimationInteligence/Saved/CharacterAnimBP0F318A5C4C07D3A64DABA09E4D6DE28F.tmp' to '../../../../../../Users/alex-/OneDrive/Documentos/Unreal Projects/AnimationInteligence/Content/MixamoAnimPack/CharacterAnimBP.uasset'
[2017.11.02-14.19.08:006][373]LogSavePackage:Display: Finished SavePackage ../../../../../../Users/alex-/OneDrive/Documentos/Unreal Projects/AnimationInteligence/Content/MixamoAnimPack/CharacterAnimBP.uasset
[2017.11.02-14.19.08:768][434]BlueprintLog: New page: Compilar CharacterAnimBP
[2017.11.02-14.19.08:777][434]LogBlueprint:Warning: [Compiler CharacterAnimBP] Aviso  Run a Walk  will never be taken, please connect something to  Can Enter Transition
[2017.11.02-14.19.08:859][434]BlueprintEditorCompileResults:Warning: Aviso  Run a Walk  will never be taken, please connect something to  Can Enter Transition
[2017.11.02-14.19.08:859][434]LogBlueprint:Warning: [Compiler CharacterAnimBP] Aviso [1273,41] Compile of CharacterAnimBP successful, but with 1 Warning(s) [in 90 ms] (/Game/MixamoAnimPack/CharacterAnimBP.CharacterAnimBP)
[2017.11.02-14.19.52:997][ 58]BlueprintLog: New page: Compilar CharacterAnimBP
[2017.11.02-14.19.53:008][ 58]LogBlueprint:Warning: [Compiler CharacterAnimBP] Aviso  Run a Walk  will never be taken, please connect something to  Can Enter Transition
[2017.11.02-14.19.53:095][ 58]BlueprintEditorCompileResults:Warning: Aviso  Run a Walk  will never be taken, please connect something to  Can Enter Transition
[2017.11.02-14.19.53:095][ 58]LogBlueprint:Warning: [Compiler CharacterAnimBP] Aviso [1317,64] Compile of CharacterAnimBP successful, but with 1 Warning(s) [in 98 ms] (/Game/MixamoAnimPack/CharacterAnimBP.CharacterAnimBP)
[2017.11.02-14.20.10:458][388]LogSavePackage: Save=49.28ms
[2017.11.02-14.20.10:458][388]LogSavePackage: Moving '../../../../../../Users/alex-/OneDrive/Documentos/Unreal Projects/AnimationInteligence/Saved/CharacterAnimBP04A81AFC4384CFBC365EB3A8B147D3DC.tmp' to '../../../../../../Users/alex-/OneDrive/Documentos/Unreal Projects/AnimationInteligence/Content/MixamoAnimPack/CharacterAnimBP.uasset'
[2017.11.02-14.20.10:465][388]LogSavePackage:Display: Finished SavePackage ../../../../../../Users/alex-/OneDrive/Documentos/Unreal Projects/AnimationInteligence/Content/MixamoAnimPack/CharacterAnimBP.uasset
[2017.11.02-14.20.10:849][418]BlueprintLog: New page: Compilar CharacterAnimBP
[2017.11.02-14.20.34:037][390]LogSavePackage: Save=49.37ms
[2017.11.02-14.20.34:037][390]LogSavePackage: Moving '../../../../../../Users/alex-/OneDrive/Documentos/Unreal Projects/AnimationInteligence/Saved/CharacterAnimBP0FB9C2284B2EA57610B4D98483D06214.tmp' to '../../../../../../Users/alex-/OneDrive/Documentos/Unreal Projects/AnimationInteligence/Content/MixamoAnimPack/CharacterAnimBP.uasset'
[2017.11.02-14.20.34:043][390]LogSavePackage:Display: Finished SavePackage ../../../../../../Users/alex-/OneDrive/Documentos/Unreal Projects/AnimationInteligence/Content/MixamoAnimPack/CharacterAnimBP.uasset
[2017.11.02-14.20.34:598][438]BlueprintLog: New page: Compilar CharacterAnimBP
[2017.11.02-14.21.11:303][371]BlueprintLog: New page: Compilar CharacterAnimBP
[2017.11.02-14.21.12:324][409]LogSavePackage: Save=56.27ms
[2017.11.02-14.21.12:324][409]LogSavePackage: Moving '../../../../../../Users/alex-/OneDrive/Documentos/Unreal Projects/AnimationInteligence/Saved/CharacterAnimBP7CEB33F24DA9A3DB837010BD1175791C.tmp' to '../../../../../../Users/alex-/OneDrive/Documentos/Unreal Projects/AnimationInteligence/Content/MixamoAnimPack/CharacterAnimBP.uasset'
[2017.11.02-14.21.12:327][409]LogSavePackage:Display: Finished SavePackage ../../../../../../Users/alex-/OneDrive/Documentos/Unreal Projects/AnimationInteligence/Content/MixamoAnimPack/CharacterAnimBP.uasset
[2017.11.02-14.21.39:082][474]LogTemp: Repeting last play command: Selected Viewport
[2017.11.02-14.21.39:094][474]LogBlueprintUserMessages: Early PlayInEditor Detection: Level '/Game/ThirdPersonBP/Maps/ThirdPersonExampleMap.ThirdPersonExampleMap:PersistentLevel' has LevelScriptBlueprint '/Game/ThirdPersonBP/Maps/ThirdPersonExampleMap.ThirdPersonExampleMap:PersistentLevel.ThirdPersonExampleMap' with GeneratedClass '/Game/ThirdPersonBP/Maps/ThirdPersonExampleMap.ThirdPersonExampleMap_C' with ClassGeneratedBy '/Game/ThirdPersonBP/Maps/ThirdPersonExampleMap.ThirdPersonExampleMap:PersistentLevel.ThirdPersonExampleMap'
[2017.11.02-14.21.39:094][474]LogPlayLevel: PlayLevel: No blueprints needed recompiling
[2017.11.02-14.21.39:094][474]PIE: New page: Sesión PIE (reproducción en el editor): ThirdPersonExampleMap (2/11/2017 16:21:39)
[2017.11.02-14.21.39:094][474]LogPlayLevel: Creating play world package: /Game/ThirdPersonBP/Maps/UEDPIE_0_ThirdPersonExampleMap
[2017.11.02-14.21.39:113][474]LogPlayLevel: PIE: StaticDuplicateObject took: (0.019294s)
[2017.11.02-14.21.39:114][474]LogAIModule: Creating AISystem for world ThirdPersonExampleMap
[2017.11.02-14.21.39:114][474]LogPlayLevel: PIE: World Init took: (0.000882s)
[2017.11.02-14.21.39:115][474]LogPlayLevel: PIE: Created PIE world by copying editor world from /Game/ThirdPersonBP/Maps/ThirdPersonExampleMap.ThirdPersonExampleMap to /Game/ThirdPersonBP/Maps/UEDPIE_0_ThirdPersonExampleMap.ThirdPersonExampleMap (0.020417s)
[2017.11.02-14.21.39:167][474]LogInit: XAudio2 using 'Altavoces (Realtek High Definition Audio)' : 2 channels at 48 kHz using 32 bits per sample (channel mask 0x3)
[2017.11.02-14.21.39:179][474]LogInit: FAudioDevice initialized.
[2017.11.02-14.21.39:212][474]LogLoad: Game class is 'ThirdPersonGameMode_C'
[2017.11.02-14.21.39:214][474]LogWorld: Bringing World /Game/ThirdPersonBP/Maps/UEDPIE_0_ThirdPersonExampleMap.ThirdPersonExampleMap up for play (max tick rate 0) at 2017.11.02-15.21.39
[2017.11.02-14.21.39:214][474]LogWorld: Bringing up level for play took: 0.001312
[2017.11.02-14.21.39:215][474]PIE: Información Tiempo de inicio de la reproducción en el editor para  /Game/ThirdPersonBP/Maps/UEDPIE_0_ThirdPersonExampleMap 0,097
[2017.11.02-14.21.39:215][474]LogBlueprintUserMessages: Late PlayInEditor Detection: Level '/Game/ThirdPersonBP/Maps/ThirdPersonExampleMap.ThirdPersonExampleMap:PersistentLevel' has LevelScriptBlueprint '/Game/ThirdPersonBP/Maps/ThirdPersonExampleMap.ThirdPersonExampleMap:PersistentLevel.ThirdPersonExampleMap' with GeneratedClass '/Game/ThirdPersonBP/Maps/ThirdPersonExampleMap.ThirdPersonExampleMap_C' with ClassGeneratedBy '/Game/ThirdPersonBP/Maps/ThirdPersonExampleMap.ThirdPersonExampleMap:PersistentLevel.ThirdPersonExampleMap'
[2017.11.02-14.21.45:434][996]LogBlueprintUserMessages: Early EndPlayMap Detection: Level '/Game/ThirdPersonBP/Maps/ThirdPersonExampleMap.ThirdPersonExampleMap:PersistentLevel' has LevelScriptBlueprint '/Game/ThirdPersonBP/Maps/ThirdPersonExampleMap.ThirdPersonExampleMap:PersistentLevel.ThirdPersonExampleMap' with GeneratedClass '/Game/ThirdPersonBP/Maps/ThirdPersonExampleMap.ThirdPersonExampleMap_C' with ClassGeneratedBy '/Game/ThirdPersonBP/Maps/ThirdPersonExampleMap.ThirdPersonExampleMap:PersistentLevel.ThirdPersonExampleMap'
[2017.11.02-14.21.45:497][996]LogBlueprintUserMessages: Late EndPlayMap Detection: Level '/Game/ThirdPersonBP/Maps/ThirdPersonExampleMap.ThirdPersonExampleMap:PersistentLevel' has LevelScriptBlueprint '/Game/ThirdPersonBP/Maps/ThirdPersonExampleMap.ThirdPersonExampleMap:PersistentLevel.ThirdPersonExampleMap' with GeneratedClass '/Game/ThirdPersonBP/Maps/ThirdPersonExampleMap.ThirdPersonExampleMap_C' with ClassGeneratedBy '/Game/ThirdPersonBP/Maps/ThirdPersonExampleMap.ThirdPersonExampleMap:PersistentLevel.ThirdPersonExampleMap'
[2017.11.02-14.22.30:126][402]BlueprintLog: New page: Compilar CharacterAnimBP
[2017.11.02-14.22.35:411][818]LogAnimationCompression: Building Anim DDC data for AnimSequence /Game/MixamoAnimPack/Mixamo_Adam/Anims/Mixamo_Adam_Sword_Slash.Mixamo_Adam_Sword_Slash
[2017.11.02-14.22.40:535][207]BlueprintLog: New page: Compilar CharacterAnimBP
[2017.11.02-14.22.56:269][417]BlueprintLog: New page: Compilar CharacterAnimBP
[2017.11.02-14.23.08:302][167]BlueprintLog: New page: Compilar CharacterAnimBP
[2017.11.02-14.23.08:310][167]LogBlueprint:Warning: [Compiler CharacterAnimBP] Aviso  Walk a Run  will never be taken, please connect something to  Can Enter Transition
[2017.11.02-14.23.08:310][167]LogBlueprint:Warning: [Compiler CharacterAnimBP] Aviso  Run a Walk  will never be taken, please connect something to  Can Enter Transition
[2017.11.02-14.23.08:396][167]BlueprintEditorCompileResults:Warning: Aviso  Walk a Run  will never be taken, please connect something to  Can Enter Transition
[2017.11.02-14.23.08:396][167]BlueprintEditorCompileResults:Warning: Aviso  Run a Walk  will never be taken, please connect something to  Can Enter Transition
[2017.11.02-14.23.08:396][167]LogBlueprint:Warning: [Compiler CharacterAnimBP] Aviso [1512,94] Compile of CharacterAnimBP successful, but with 2 Warning(s) [in 94 ms] (/Game/MixamoAnimPack/CharacterAnimBP.CharacterAnimBP)
[2017.11.02-14.23.12:137][461]LogTemp: Repeting last play command: Selected Viewport
[2017.11.02-14.23.12:148][461]LogBlueprintUserMessages: Early PlayInEditor Detection: Level '/Game/ThirdPersonBP/Maps/ThirdPersonExampleMap.ThirdPersonExampleMap:PersistentLevel' has LevelScriptBlueprint '/Game/ThirdPersonBP/Maps/ThirdPersonExampleMap.ThirdPersonExampleMap:PersistentLevel.ThirdPersonExampleMap' with GeneratedClass '/Game/ThirdPersonBP/Maps/ThirdPersonExampleMap.ThirdPersonExampleMap_C' with ClassGeneratedBy '/Game/ThirdPersonBP/Maps/ThirdPersonExampleMap.ThirdPersonExampleMap:PersistentLevel.ThirdPersonExampleMap'
[2017.11.02-14.23.12:148][461]LogPlayLevel: PlayLevel: No blueprints needed recompiling
[2017.11.02-14.23.12:148][461]PIE: New page: Sesión PIE (reproducción en el editor): ThirdPersonExampleMap (2/11/2017 16:23:12)
[2017.11.02-14.23.12:148][461]LogPlayLevel: Creating play world package: /Game/ThirdPersonBP/Maps/UEDPIE_0_ThirdPersonExampleMap
[2017.11.02-14.23.12:167][461]LogPlayLevel: PIE: StaticDuplicateObject took: (0.018979s)
[2017.11.02-14.23.12:168][461]LogAIModule: Creating AISystem for world ThirdPersonExampleMap
[2017.11.02-14.23.12:168][461]LogPlayLevel: PIE: World Init took: (0.001073s)
[2017.11.02-14.23.12:168][461]LogPlayLevel: PIE: Created PIE world by copying editor world from /Game/ThirdPersonBP/Maps/ThirdPersonExampleMap.ThirdPersonExampleMap to /Game/ThirdPersonBP/Maps/UEDPIE_0_ThirdPersonExampleMap.ThirdPersonExampleMap (0.020353s)
[2017.11.02-14.23.12:213][461]LogInit: XAudio2 using 'Altavoces (Realtek High Definition Audio)' : 2 channels at 48 kHz using 32 bits per sample (channel mask 0x3)
[2017.11.02-14.23.12:223][461]LogInit: FAudioDevice initialized.
[2017.11.02-14.23.12:256][461]LogLoad: Game class is 'ThirdPersonGameMode_C'
[2017.11.02-14.23.12:258][461]LogWorld: Bringing World /Game/ThirdPersonBP/Maps/UEDPIE_0_ThirdPersonExampleMap.ThirdPersonExampleMap up for play (max tick rate 0) at 2017.11.02-15.23.12
[2017.11.02-14.23.12:258][461]LogWorld: Bringing up level for play took: 0.001230
[2017.11.02-14.23.12:258][461]PIE: Información Tiempo de inicio de la reproducción en el editor para  /Game/ThirdPersonBP/Maps/UEDPIE_0_ThirdPersonExampleMap -0,86
[2017.11.02-14.23.12:259][461]LogBlueprintUserMessages: Late PlayInEditor Detection: Level '/Game/ThirdPersonBP/Maps/ThirdPersonExampleMap.ThirdPersonExampleMap:PersistentLevel' has LevelScriptBlueprint '/Game/ThirdPersonBP/Maps/ThirdPersonExampleMap.ThirdPersonExampleMap:PersistentLevel.ThirdPersonExampleMap' with GeneratedClass '/Game/ThirdPersonBP/Maps/ThirdPersonExampleMap.ThirdPersonExampleMap_C' with ClassGeneratedBy '/Game/ThirdPersonBP/Maps/ThirdPersonExampleMap.ThirdPersonExampleMap:PersistentLevel.ThirdPersonExampleMap'
[2017.11.02-14.23.13:787][607]LogBlueprintUserMessages: Early EndPlayMap Detection: Level '/Game/ThirdPersonBP/Maps/ThirdPersonExampleMap.ThirdPersonExampleMap:PersistentLevel' has LevelScriptBlueprint '/Game/ThirdPersonBP/Maps/ThirdPersonExampleMap.ThirdPersonExampleMap:PersistentLevel.ThirdPersonExampleMap' with GeneratedClass '/Game/ThirdPersonBP/Maps/ThirdPersonExampleMap.ThirdPersonExampleMap_C' with ClassGeneratedBy '/Game/ThirdPersonBP/Maps/ThirdPersonExampleMap.ThirdPersonExampleMap:PersistentLevel.ThirdPersonExampleMap'
[2017.11.02-14.23.13:847][607]LogBlueprintUserMessages: Late EndPlayMap Detection: Level '/Game/ThirdPersonBP/Maps/ThirdPersonExampleMap.ThirdPersonExampleMap:PersistentLevel' has LevelScriptBlueprint '/Game/ThirdPersonBP/Maps/ThirdPersonExampleMap.ThirdPersonExampleMap:PersistentLevel.ThirdPersonExampleMap' with GeneratedClass '/Game/ThirdPersonBP/Maps/ThirdPersonExampleMap.ThirdPersonExampleMap_C' with ClassGeneratedBy '/Game/ThirdPersonBP/Maps/ThirdPersonExampleMap.ThirdPersonExampleMap:PersistentLevel.ThirdPersonExampleMap'
[2017.11.02-14.23.20:120][109]LogWindows: Windows GetLastError: La operación se completó correctamente. (0)
[2017.11.02-14.23.20:604][109]LogCrashTracker: 


[2017.11.02-14.23.20:604][109]LogCrashTracker: 


[2017.11.02-14.23.20:604][109]LogWindows:Error: === Critical error: ===
[2017.11.02-14.23.20:604][109]LogWindows:Error: 
[2017.11.02-14.23.20:604][109]LogWindows:Error: Fatal error: [File:D:\Build\++UE4+Release-4.16+Compile\Sync\Engine\Source\Runtime\CoreUObject\Private\Templates\Casts.cpp] [Line: 10] 
[2017.11.02-14.23.20:604][109]LogWindows:Error: Cast of nullptr to AnimBlueprint failed
[2017.11.02-14.23.20:604][109]LogWindows:Error: 
[2017.11.02-14.23.20:604][109]LogWindows:Error: 
[2017.11.02-14.23.20:604][109]LogWindows:Error: KERNELBASE.dll!0x00000000ABE69E08
[2017.11.02-14.23.20:604][109]LogWindows:Error: UE4Editor-Core.dll!0x0000000082F9AFFE
[2017.11.02-14.23.20:604][109]LogWindows:Error: UE4Editor-Core.dll!0x0000000082DB249B
[2017.11.02-14.23.20:604][109]LogWindows:Error: UE4Editor-Core.dll!0x0000000082D40849
[2017.11.02-14.23.20:604][109]LogWindows:Error: UE4Editor-CoreUObject.dll!0x00000000840F1692
[2017.11.02-14.23.20:604][109]LogWindows:Error: UE4Editor-AnimGraph.dll!0x000000007F5B86D8
[2017.11.02-14.23.20:604][109]LogWindows:Error: UE4Editor-AnimGraph.dll!0x000000007F6500B5
[2017.11.02-14.23.20:604][109]LogWindows:Error: UE4Editor-Kismet.dll!0x0000000078FEC938
[2017.11.02-14.23.20:604][109]LogWindows:Error: UE4Editor-Kismet.dll!0x00000000790840E5
[2017.11.02-14.23.20:604][109]LogWindows:Error: UE4Editor-Kismet.dll!0x00000000791298AE
[2017.11.02-14.23.20:604][109]LogWindows:Error: UE4Editor-Slate.dll!0x0000000081FFDB57
[2017.11.02-14.23.20:604][109]LogWindows:Error: UE4Editor-Slate.dll!0x0000000082004B61
[2017.11.02-14.23.20:604][109]LogWindows:Error: UE4Editor-Slate.dll!0x000000008219AA3D
[2017.11.02-14.23.20:604][109]LogWindows:Error: UE4Editor-UnrealEd.dll!0x000000006AFF61E2
[2017.11.02-14.23.20:604][109]LogWindows:Error: UE4Editor-UnrealEd.dll!0x000000006AFF4BA6
[2017.11.02-14.23.20:604][109]LogWindows:Error: UE4Editor-UnrealEd.dll!0x000000006AFAB7ED
[2017.11.02-14.23.20:604][109]LogWindows:Error: UE4Editor-UnrealEd.dll!0x000000006AFAEFE4
[2017.11.02-14.23.20:604][109]LogWindows:Error: UE4Editor-Slate.dll!0x00000000820B59F7
[2017.11.02-14.23.20:604][109]LogWindows:Error: UE4Editor-Slate.dll!0x0000000082103C4E
[2017.11.02-14.23.20:604][109]LogWindows:Error: UE4Editor-Slate.dll!0x00000000820B52E7
[2017.11.02-14.23.20:604][109]LogWindows:Error: UE4Editor-Slate.dll!0x000000008211148F
[2017.11.02-14.23.20:604][109]LogWindows:Error: UE4Editor-Slate.dll!0x00000000821C4AF1
[2017.11.02-14.23.20:604][109]LogWindows:Error: UE4Editor-Slate.dll!0x00000000821C4BA0
[2017.11.02-14.23.20:604][109]LogWindows:Error: UE4Editor-Kismet.dll!0x0000000079435B40
[2017.11.02-14.23.20:604][109]LogWindows:Error: UE4Editor-Kismet.dll!0x0000000079400027
[2017.11.02-14.23.20:605][109]LogWindows:Error: UE4Editor-Kismet.dll!0x0000000079051965
[2017.11.02-14.23.20:605][109]LogWindows:Error: UE4Editor-Kismet.dll!0x000000007901B8E6
[2017.11.02-14.23.20:605][109]LogWindows:Error: UE4Editor-AnimationBlueprintEditor.dll!0x000000009AD9F529
[2017.11.02-14.23.20:605][109]LogWindows:Error: UE4Editor-Kismet.dll!0x0000000078FD05EC
[2017.11.02-14.23.20:605][109]LogWindows:Error: UE4Editor-Kismet.dll!0x0000000078FD51CC
[2017.11.02-14.23.20:605][109]LogWindows:Error: UE4Editor-Engine.dll!0x000000006BBE3617
[2017.11.02-14.23.20:605][109]LogWindows:Error: UE4Editor-UnrealEd.dll!0x000000006AB61446
[2017.11.02-14.23.20:605][109]LogWindows:Error: UE4Editor-UnrealEd.dll!0x000000006AB7357C
[2017.11.02-14.23.20:605][109]LogWindows:Error: UE4Editor-AnimGraph.dll!0x000000007F62EABD
[2017.11.02-14.23.20:605][109]LogWindows:Error: UE4Editor-Engine.dll!0x000000006C3507BE
[2017.11.02-14.23.20:605][109]LogWindows:Error: UE4Editor-AnimGraph.dll!0x000000007F614D5E
[2017.11.02-14.23.20:605][109]LogWindows:Error: UE4Editor-Engine.dll!0x000000006C35042B
[2017.11.02-14.23.20:605][109]LogWindows:Error: UE4Editor-AnimGraph.dll!0x000000007F614BFD
[2017.11.02-14.23.20:605][109]LogWindows:Error: UE4Editor-UnrealEd.dll!0x000000006AB745CD
[2017.11.02-14.23.20:605][109]LogWindows:Error: UE4Editor-Kismet.dll!0x0000000078FC50F7
[2017.11.02-14.23.20:605][109]LogWindows:Error: UE4Editor-Kismet.dll!0x0000000078FD0991
[2017.11.02-14.23.20:605][109]LogWindows:Error: UE4Editor-Kismet.dll!0x0000000078FD55D6
[2017.11.02-14.23.20:605][109]LogWindows:Error: UE4Editor-Slate.dll!0x0000000081FEEB50
[2017.11.02-14.23.20:605][109]LogWindows:Error: UE4Editor-Slate.dll!0x0000000082033D60
[2017.11.02-14.23.20:605][109]LogWindows:Error: UE4Editor-GraphEditor.dll!0x000000007661FD7D
[2017.11.02-14.23.20:605][109]LogWindows:Error: UE4Editor-Slate.dll!0x0000000081FD9021
[2017.11.02-14.23.20:605][109]LogWindows:Error: UE4Editor-Slate.dll!0x0000000081FA840E
[2017.11.02-14.23.20:605][109]LogWindows:Error: UE4Editor-Slate.dll!0x0000000081FAA006
[2017.11.02-14.23.20:605][109]LogWindows:Error: UE4Editor-Slate.dll!0x00000000820355AD
[2017.11.02-14.23.20:605][109]LogWindows:Error: UE4Editor-Slate.dll!0x0000000082026518
[2017.11.02-14.23.20:605][109]LogWindows:Error: UE4Editor-Core.dll!0x0000000082F9149C
[2017.11.02-14.23.20:605][109]LogWindows:Error: UE4Editor-Core.dll!0x0000000082F7B7D1
[2017.11.02-14.23.20:605][109]LogWindows:Error: UE4Editor-Core.dll!0x0000000082F933DB
[2017.11.02-14.23.20:605][109]LogWindows:Error: UE4Editor-Core.dll!0x0000000082F77B22
[2017.11.02-14.23.20:605][109]LogWindows:Error: USER32.dll!0x00000000ACF6BC50
[2017.11.02-14.23.20:605][109]LogWindows:Error: USER32.dll!0x00000000ACF6B5CF
[2017.11.02-14.23.20:605][109]LogWindows:Error: UE4Editor-Core.dll!0x0000000082F93CE6
[2017.11.02-14.23.20:605][109]LogWindows:Error: UE4Editor.exe!0x00000000C3F7DB44
[2017.11.02-14.23.20:605][109]LogWindows:Error: UE4Editor.exe!0x00000000C3F6F0B0
[2017.11.02-14.23.20:605][109]LogWindows:Error: UE4Editor.exe!0x00000000C3F6F12A
[2017.11.02-14.23.20:605][109]LogWindows:Error: UE4Editor.exe!0x00000000C3F80CF9
[2017.11.02-14.23.20:605][109]LogWindows:Error: UE4Editor.exe!0x00000000C3F825F7
[2017.11.02-14.23.20:605][109]LogWindows:Error: KERNEL32.DLL!0x00000000AD202774
[2017.11.02-14.23.20:605][109]LogWindows:Error: ntdll.dll!0x00000000AEE90D51
[2017.11.02-14.23.20:605][109]LogWindows:Error: ntdll.dll!0x00000000AEE90D51
[2017.11.02-14.23.20:605][109]LogWindows:Error: 
[2017.11.02-14.23.20:617][109]LogExit: Executing StaticShutdownAfterError
[2017.11.02-14.23.20:620][109]LogWindows: FPlatformMisc::RequestExit(1)
[2017.11.02-14.23.20:620][109]Log file closed, 11/02/17 15:23:20
